c:\users\melvi\downloads\game project\raylib_project\raylib_project\x64\debug\vc143.pdb
c:\users\melvi\downloads\game project\raylib_project\raylib_project\x64\debug\vc143.idb
c:\users\main\downloads\game project\raylib_project\raylib_project\x64\debug\vc145.pdb
c:\users\main\downloads\game project\raylib_project\raylib_project\x64\debug\vc145.idb
c:\users\main\downloads\game project\raylib_project\raylib_project\x64\debug\settings.obj
c:\users\main\downloads\game project\raylib_project\raylib_project\x64\debug\menu.obj
c:\users\main\downloads\game project\raylib_project\raylib_project\x64\debug\player.obj
c:\users\main\downloads\game project\raylib_project\raylib_project\x64\debug\main.obj
c:\users\main\downloads\game project\raylib_project\raylib_project\x64\debug\level.obj
c:\users\main\downloads\game project\raylib_project\raylib_project\x64\debug\enemy.obj
c:\users\main\downloads\game project\raylib_project\raylib_project\x64\debug\cutscene.obj
c:\users\main\downloads\game project\raylib_project\raylib_project\x64\debug\save.obj
c:\users\main\downloads\game project\raylib_project\raylib_project\x64\debug\camera.obj
c:\users\main\downloads\game project\raylib_project\raylib_project\x64\debug\audio.obj
c:\users\main\downloads\game project\raylib_project\x64\debug\raylib_project.exe
c:\users\main\downloads\game project\raylib_project\x64\debug\raylib_project.pdb
c:\users\main\downloads\game project\raylib_project\raylib_project\x64\debug\raylib_project.ilk
c:\users\main\downloads\game project\raylib_project\raylib_project\x64\debug\game.obj
c:\users\main\downloads\game project\raylib_project\raylib_project\x64\debug\vc143.idb
c:\users\main\downloads\game project\raylib_project\raylib_project\x64\debug\vc143.pdb
c:\users\main\downloads\game project\raylib_project\raylib_project\x64\debug\raylib_project.tlog\cl.command.1.tlog
c:\users\main\downloads\game project\raylib_project\raylib_project\x64\debug\raylib_project.tlog\cl.items.tlog
c:\users\main\downloads\game project\raylib_project\raylib_project\x64\debug\raylib_project.tlog\cl.read.1.tlog
c:\users\main\downloads\game project\raylib_project\raylib_project\x64\debug\raylib_project.tlog\cl.write.1.tlog
c:\users\main\downloads\game project\raylib_project\raylib_project\x64\debug\raylib_project.tlog\link.command.1.tlog
c:\users\main\downloads\game project\raylib_project\raylib_project\x64\debug\raylib_project.tlog\link.read.1.tlog
c:\users\main\downloads\game project\raylib_project\raylib_project\x64\debug\raylib_project.tlog\link.secondary.1.tlog
c:\users\main\downloads\game project\raylib_project\raylib_project\x64\debug\raylib_project.tlog\link.write.1.tlog
